Using pre-set license
Built from '2022.3/staging' branch; Version is '2022.3.7f1 (b16b3b16c7a0) revision 11627323'; Using compiler version '192829333'; Build Type 'Release'
OS: 'Windows 10  (10.0.19044) 64bit EnterpriseS' Language: 'en' Physical Memory: 16110 MB
BatchMode: 1, IsHumanControllingUs: 0, StartBugReporterOnCrash: 0, Is64bit: 1, IsPro: 1

COMMAND LINE ARGUMENTS:
C:\Program Files\Unity\Hub\Editor\2022.3.7f1\Editor\Unity.exe
-adb2
-batchMode
-noUpm
-name
AssetImportWorker0
-projectPath
C:/Users/lozoyamitzy/Desktop/Mitzy L.G/new project
-logFile
Logs/AssetImportWorker0.log
-srvPort
52766
Successfully changed project path to: C:/Users/lozoyamitzy/Desktop/Mitzy L.G/new project
C:/Users/lozoyamitzy/Desktop/Mitzy L.G/new project
[UnityMemory] Configuration Parameters - Can be set up in boot.config
    "memorysetup-bucket-allocator-granularity=16"
    "memorysetup-bucket-allocator-bucket-count=8"
    "memorysetup-bucket-allocator-block-size=33554432"
    "memorysetup-bucket-allocator-block-count=8"
    "memorysetup-main-allocator-block-size=16777216"
    "memorysetup-thread-allocator-block-size=16777216"
    "memorysetup-gfx-main-allocator-block-size=16777216"
    "memorysetup-gfx-thread-allocator-block-size=16777216"
    "memorysetup-cache-allocator-block-size=4194304"
    "memorysetup-typetree-allocator-block-size=2097152"
    "memorysetup-profiler-bucket-allocator-granularity=16"
    "memorysetup-profiler-bucket-allocator-bucket-count=8"
    "memorysetup-profiler-bucket-allocator-block-size=33554432"
    "memorysetup-profiler-bucket-allocator-block-count=8"
    "memorysetup-profiler-allocator-block-size=16777216"
    "memorysetup-profiler-editor-allocator-block-size=1048576"
    "memorysetup-temp-allocator-size-main=16777216"
    "memorysetup-job-temp-allocator-block-size=2097152"
    "memorysetup-job-temp-allocator-block-size-background=1048576"
    "memorysetup-job-temp-allocator-reduction-small-platforms=262144"
    "memorysetup-allocator-temp-initial-block-size-main=262144"
    "memorysetup-allocator-temp-initial-block-size-worker=262144"
    "memorysetup-temp-allocator-size-background-worker=32768"
    "memorysetup-temp-allocator-size-job-worker=262144"
    "memorysetup-temp-allocator-size-preload-manager=33554432"
    "memorysetup-temp-allocator-size-nav-mesh-worker=65536"
    "memorysetup-temp-allocator-size-audio-worker=65536"
    "memorysetup-temp-allocator-size-cloud-worker=32768"
    "memorysetup-temp-allocator-size-gi-baking-worker=262144"
    "memorysetup-temp-allocator-size-gfx=262144"
Player connection [13856] Host "[IP] 10.28.2.106 [Port] 0 [Flags] 2 [Guid] 2513217610 [EditorId] 2513217610 [Version] 1048832 [Id] WindowsEditor(7,CTEDEL-32DSR94E) [Debug] 1 [PackageName] WindowsEditor [ProjectName] Editor" joined multi-casting on [225.0.0.222:54997]...

Player connection [13856] Host "[IP] 10.28.2.106 [Port] 0 [Flags] 2 [Guid] 2513217610 [EditorId] 2513217610 [Version] 1048832 [Id] WindowsEditor(7,CTEDEL-32DSR94E) [Debug] 1 [PackageName] WindowsEditor [ProjectName] Editor" joined alternative multi-casting on [225.0.0.222:34997]...

Refreshing native plugins compatible for Editor in 34.85 ms, found 3 plugins.
Preloading 0 native plugins for Editor in 0.00 ms.
Initialize engine version: 2022.3.7f1 (b16b3b16c7a0)
[Subsystems] Discovering subsystems at path C:/Program Files/Unity/Hub/Editor/2022.3.7f1/Editor/Data/Resources/UnitySubsystems
[Subsystems] Discovering subsystems at path C:/Users/lozoyamitzy/Desktop/Mitzy L.G/new project/Assets
GfxDevice: creating device client; threaded=0; jobified=0
Direct3D:
    Version:  Direct3D 11.0 [level 11.1]
    Renderer: NVIDIA T600 Laptop GPU (ID=0x1fba)
    Vendor:   NVIDIA
    VRAM:     3965 MB
    Driver:   30.0.15.1236
Initialize mono
Mono path[0] = 'C:/Program Files/Unity/Hub/Editor/2022.3.7f1/Editor/Data/Managed'
Mono path[1] = 'C:/Program Files/Unity/Hub/Editor/2022.3.7f1/Editor/Data/MonoBleedingEdge/lib/mono/unityjit-win32'
Mono config path = 'C:/Program Files/Unity/Hub/Editor/2022.3.7f1/Editor/Data/MonoBleedingEdge/etc'
Using monoOptions --debugger-agent=transport=dt_socket,embedding=1,server=y,suspend=n,address=127.0.0.1:56204
Begin MonoManager ReloadAssembly
Registering precompiled unity dll's ...
Register platform support module: C:/Program Files/Unity/Hub/Editor/2022.3.7f1/Editor/Data/PlaybackEngines/WebGLSupport/UnityEditor.WebGL.Extensions.dll
Register platform support module: C:/Program Files/Unity/Hub/Editor/2022.3.7f1/Editor/Data/PlaybackEngines/WindowsStandaloneSupport/UnityEditor.WindowsStandalone.Extensions.dll
Registered in 0.061485 seconds.
- Loaded All Assemblies, in  2.000 seconds
Native extension for WindowsStandalone target not found
Native extension for WebGL target not found
Mono: successfully reloaded assembly
- Finished resetting the current domain, in  1.416 seconds
Domain Reload Profiling: 3404ms
	BeginReloadAssembly (486ms)
		ExecutionOrderSort (0ms)
		DisableScriptedObjects (0ms)
		BackupInstance (0ms)
		ReleaseScriptingObjects (0ms)
		CreateAndSetChildDomain (1ms)
	RebuildCommonClasses (147ms)
	RebuildNativeTypeToScriptingClass (85ms)
	initialDomainReloadingComplete (374ms)
	LoadAllAssembliesAndSetupDomain (894ms)
		LoadAssemblies (486ms)
		RebuildTransferFunctionScriptingTraits (0ms)
		AnalyzeDomain (884ms)
			TypeCache.Refresh (877ms)
				TypeCache.ScanAssembly (805ms)
			ScanForSourceGeneratedMonoScriptInfo (2ms)
			ResolveRequiredComponents (2ms)
	FinalizeReload (1418ms)
		ReleaseScriptCaches (0ms)
		RebuildScriptCaches (0ms)
		SetupLoadedEditorAssemblies (1064ms)
			LogAssemblyErrors (0ms)
			InitializePlatformSupportModulesInManaged (44ms)
			SetLoadedEditorAssemblies (27ms)
			RefreshPlugins (0ms)
			BeforeProcessingInitializeOnLoad (6ms)
			ProcessInitializeOnLoadAttributes (704ms)
			ProcessInitializeOnLoadMethodAttributes (282ms)
			AfterProcessingInitializeOnLoad (0ms)
			EditorAssembliesLoaded (0ms)
		ExecutionOrderSort2 (0ms)
		AwakeInstancesAfterBackupRestoration (0ms)
========================================================================
Worker process is ready to serve import requests
Begin MonoManager ReloadAssembly
Symbol file LoadedFromMemory doesn't match image C:\Users\lozoyamitzy\Desktop\Mitzy L.G\new project\Library\PackageCache\com.unity.visualscripting@1.8.0\Editor\VisualScripting.Core\Dependencies\YamlDotNet\Unity.VisualScripting.YamlDotNet.dll
Symbol file LoadedFromMemory doesn't match image C:\Users\lozoyamitzy\Desktop\Mitzy L.G\new project\Library\PackageCache\com.unity.visualscripting@1.8.0\Editor\VisualScripting.Core\Dependencies\DotNetZip\Unity.VisualScripting.IonicZip.dll
- Loaded All Assemblies, in  2.940 seconds
Refreshing native plugins compatible for Editor in 11.40 ms, found 3 plugins.
Native extension for WindowsStandalone target not found
Native extension for WebGL target not found
Mono: successfully reloaded assembly
- Finished resetting the current domain, in  2.762 seconds
Domain Reload Profiling: 5688ms
	BeginReloadAssembly (824ms)
		ExecutionOrderSort (0ms)
		DisableScriptedObjects (33ms)
		BackupInstance (0ms)
		ReleaseScriptingObjects (0ms)
		CreateAndSetChildDomain (85ms)
	RebuildCommonClasses (259ms)
	RebuildNativeTypeToScriptingClass (79ms)
	initialDomainReloadingComplete (198ms)
	LoadAllAssembliesAndSetupDomain (1562ms)
		LoadAssemblies (1378ms)
		RebuildTransferFunctionScriptingTraits (0ms)
		AnalyzeDomain (672ms)
			TypeCache.Refresh (604ms)
				TypeCache.ScanAssembly (541ms)
			ScanForSourceGeneratedMonoScriptInfo (50ms)
			ResolveRequiredComponents (15ms)
	FinalizeReload (2765ms)
		ReleaseScriptCaches (0ms)
		RebuildScriptCaches (0ms)
		SetupLoadedEditorAssemblies (1901ms)
			LogAssemblyErrors (0ms)
			InitializePlatformSupportModulesInManaged (45ms)
			SetLoadedEditorAssemblies (23ms)
			RefreshPlugins (0ms)
			BeforeProcessingInitializeOnLoad (368ms)
			ProcessInitializeOnLoadAttributes (1304ms)
			ProcessInitializeOnLoadMethodAttributes (110ms)
			AfterProcessingInitializeOnLoad (49ms)
			EditorAssembliesLoaded (1ms)
		ExecutionOrderSort2 (0ms)
		AwakeInstancesAfterBackupRestoration (35ms)
Launched and connected shader compiler UnityShaderCompiler.exe after 0.12 seconds
Refreshing native plugins compatible for Editor in 3.02 ms, found 3 plugins.
Preloading 0 native plugins for Editor in 0.00 ms.
Unloading 3072 Unused Serialized files (Serialized files now loaded: 0)
Unloading 31 unused Assets / (56.6 KB). Loaded Objects now: 3534.
Memory consumption went from 114.3 MB to 114.3 MB.
Total: 3.475900 ms (FindLiveObjects: 0.236500 ms CreateObjectMapping: 0.104100 ms MarkObjects: 2.969100 ms  DeleteObjects: 0.165400 ms)

AssetImportParameters requested are different than current active one (requested -> active):
  custom:container-demuxer-ogg: 62fdf1f143b41e24485cea50d1cbac27 -> 
  custom:video-decoder-ogg-theora: a1e56fd34408186e4bbccfd4996cb3dc -> 
  custom:framework-win-MediaFoundation: 216162199b28c13a410421893ffa2e32 -> 
  custom:CustomObjectIndexerAttribute: 756ad292c208cfabdd7b50bc23989ffe -> 
  custom:container-demuxer-webm: 4f35f7cbe854078d1ac9338744f61a02 -> 
  custom:container-muxer-webm: aa71ff27fc2769a1b78a27578f13a17b -> 
  custom:video-decoder-webm-vp8: 9c59270c3fd7afecdb556c50c9e8de78 -> 
  custom:SearchIndexIgnoredProperties: e643bd26f0fe6173181afceb89e7c659 -> 
  custom:AudioImporter_EditorPlatform: d09bf68614088b80899f8185d706f6e7 -> 
  custom:video-encoder-webm-vp8: eb34c28f22e8b96e1ab97ce403110664 -> 
  custom:audio-decoder-ogg-vorbis: bf7c407c2cedff20999df2af8eb42d56 -> 
  custom:audio-encoder-webm-vorbis: bf7c407c2cedff20999df2af8eb42d56 -> 
========================================================================
Received Import Request.
  Time since last request: 88613.732162 seconds.
  path: Assets/CarBehaviours/CarBehaviour.cs
  artifactKey: Guid(9ed68aee9af5d8b468bf863878060fbf) Importer(2089858483,0ecaa5967403d082aa24f35e1b516d23)
Start importing Assets/CarBehaviours/CarBehaviour.cs using Guid(9ed68aee9af5d8b468bf863878060fbf) Importer(2089858483,0ecaa5967403d082aa24f35e1b516d23) Generated GUIDs only implemented for interfaces!
 -> (artifact id: 'ed9dbb3ea5020c694714acaa02bef820') in 0.510779 seconds
Number of updated asset objects reloaded before import = 0
Number of asset objects unloaded after import = 1
========================================================================
Received Import Request.
  Time since last request: 0.000049 seconds.
  path: Assets/town/Materials/brickl.mat
  artifactKey: Guid(45cfa6aadba63964fba1f16f64dbb858) Importer(2089858483,0ecaa5967403d082aa24f35e1b516d23)
Start importing Assets/town/Materials/brickl.mat using Guid(45cfa6aadba63964fba1f16f64dbb858) Importer(2089858483,0ecaa5967403d082aa24f35e1b516d23) Generated GUIDs only implemented for interfaces!
 -> (artifact id: 'b69014d61094fd478d1af7afb3797e16') in 0.102005 seconds
Number of updated asset objects reloaded before import = 0
Number of asset objects unloaded after import = 1
========================================================================
Received Import Request.
  Time since last request: 0.000041 seconds.
  path: Assets/town/Materials/black.mat
  artifactKey: Guid(5d6d3f40b7080b04994a7d17bf1d41fd) Importer(2089858483,0ecaa5967403d082aa24f35e1b516d23)
Start importing Assets/town/Materials/black.mat using Guid(5d6d3f40b7080b04994a7d17bf1d41fd) Importer(2089858483,0ecaa5967403d082aa24f35e1b516d23) Generated GUIDs only implemented for interfaces!
 -> (artifact id: 'b5da58b22583f1e461e1362db4cd61a5') in 0.021361 seconds
Number of updated asset objects reloaded before import = 0
Number of asset objects unloaded after import = 1
========================================================================
Received Import Request.
  Time since last request: 0.000161 seconds.
  path: Assets/town/town assets/Store.fbx
  artifactKey: Guid(6035a6265ff7da74cb4578c3b481e129) Importer(2089858483,0ecaa5967403d082aa24f35e1b516d23)
Start importing Assets/town/town assets/Store.fbx using Guid(6035a6265ff7da74cb4578c3b481e129) Importer(2089858483,0ecaa5967403d082aa24f35e1b516d23) Generated GUIDs only implemented for interfaces!
 -> (artifact id: 'e035bdf7ad298f76827d3b30d326c684') in 0.148463 seconds
Number of updated asset objects reloaded before import = 0
Number of asset objects unloaded after import = 9
========================================================================
Received Import Request.
  Time since last request: 0.000052 seconds.
  path: Assets/town/town assets/Trash_Can.fbx
  artifactKey: Guid(565902ac19cb2404a9bdf31111f3b8ff) Importer(2089858483,0ecaa5967403d082aa24f35e1b516d23)
Start importing Assets/town/town assets/Trash_Can.fbx using Guid(565902ac19cb2404a9bdf31111f3b8ff) Importer(2089858483,0ecaa5967403d082aa24f35e1b516d23) Generated GUIDs only implemented for interfaces!
 -> (artifact id: '3c9a7b0f8e2b671654d59a4fc34a88e2') in 0.091598 seconds
Number of updated asset objects reloaded before import = 0
Number of asset objects unloaded after import = 16
========================================================================
Received Import Request.
  Time since last request: 0.000029 seconds.
  path: Assets/town/town assets/Square_Base.fbx
  artifactKey: Guid(56ccdf4e9284fae4082a6057903078fb) Importer(2089858483,0ecaa5967403d082aa24f35e1b516d23)
Start importing Assets/town/town assets/Square_Base.fbx using Guid(56ccdf4e9284fae4082a6057903078fb) Importer(2089858483,0ecaa5967403d082aa24f35e1b516d23) Generated GUIDs only implemented for interfaces!
 -> (artifact id: 'bff7fa600008431e8d7befc8436f9216') in 0.045815 seconds
Number of updated asset objects reloaded before import = 0
Number of asset objects unloaded after import = 9
========================================================================
Received Import Request.
  Time since last request: 0.000018 seconds.
  path: Assets/town/town assets/Tire.fbx
  artifactKey: Guid(1641be490bf0a8f4eaedbcfff6286675) Importer(2089858483,0ecaa5967403d082aa24f35e1b516d23)
Start importing Assets/town/town assets/Tire.fbx using Guid(1641be490bf0a8f4eaedbcfff6286675) Importer(2089858483,0ecaa5967403d082aa24f35e1b516d23) Generated GUIDs only implemented for interfaces!
 -> (artifact id: 'f1dcc239d00dfc00ee1da89ca794f8b2') in 0.064845 seconds
Number of updated asset objects reloaded before import = 0
Number of asset objects unloaded after import = 9
========================================================================
Received Import Request.
  Time since last request: 0.000042 seconds.
  path: Assets/town/town assets/Coffee_Shop.fbx
  artifactKey: Guid(8fc8f09289aed604eb7180134a9c9e5f) Importer(2089858483,0ecaa5967403d082aa24f35e1b516d23)
Start importing Assets/town/town assets/Coffee_Shop.fbx using Guid(8fc8f09289aed604eb7180134a9c9e5f) Importer(2089858483,0ecaa5967403d082aa24f35e1b516d23) Generated GUIDs only implemented for interfaces!
 -> (artifact id: '11a57ed20a2a75f4ca2e2dc1989b3a97') in 0.078856 seconds
Number of updated asset objects reloaded before import = 0
Number of asset objects unloaded after import = 9
========================================================================
Received Import Request.
  Time since last request: 0.000049 seconds.
  path: Assets/town/town assets/Tall_Apartment.fbx
  artifactKey: Guid(c44c3a2b389b26644939c7bfcb3c1bcf) Importer(2089858483,0ecaa5967403d082aa24f35e1b516d23)
Start importing Assets/town/town assets/Tall_Apartment.fbx using Guid(c44c3a2b389b26644939c7bfcb3c1bcf) Importer(2089858483,0ecaa5967403d082aa24f35e1b516d23) Generated GUIDs only implemented for interfaces!
 -> (artifact id: '79c2ca7ab7e6dcba7d6f57e5d15f6c89') in 0.078462 seconds
Number of updated asset objects reloaded before import = 0
Number of asset objects unloaded after import = 9
========================================================================
Received Import Request.
  Time since last request: 0.000040 seconds.
  path: Assets/town/Materials/green.mat
  artifactKey: Guid(4acdde25a5d4f62448ce2927d4259088) Importer(2089858483,0ecaa5967403d082aa24f35e1b516d23)
Start importing Assets/town/Materials/green.mat using Guid(4acdde25a5d4f62448ce2927d4259088) Importer(2089858483,0ecaa5967403d082aa24f35e1b516d23) Generated GUIDs only implemented for interfaces!
 -> (artifact id: 'fbbff049dfc1bfbe4100ab69c6ba437c') in 0.021421 seconds
Number of updated asset objects reloaded before import = 0
Number of asset objects unloaded after import = 1
========================================================================
Received Import Request.
  Time since last request: 0.000068 seconds.
  path: Assets/town/town assets/some green.mat
  artifactKey: Guid(a4bd9f45e2a780c41ba544373fcea09f) Importer(2089858483,0ecaa5967403d082aa24f35e1b516d23)
Start importing Assets/town/town assets/some green.mat using Guid(a4bd9f45e2a780c41ba544373fcea09f) Importer(2089858483,0ecaa5967403d082aa24f35e1b516d23) Generated GUIDs only implemented for interfaces!
 -> (artifact id: '75bf0526aa23982635b0621f8079ba94') in 0.020139 seconds
Number of updated asset objects reloaded before import = 0
Number of asset objects unloaded after import = 1
========================================================================
Received Import Request.
  Time since last request: 0.000047 seconds.
  path: Assets/CarBehaviours/FollowCameraBehaviour.cs
  artifactKey: Guid(f71eaefa8856a774692fcbd2bfa1fdee) Importer(2089858483,0ecaa5967403d082aa24f35e1b516d23)
Start importing Assets/CarBehaviours/FollowCameraBehaviour.cs using Guid(f71eaefa8856a774692fcbd2bfa1fdee) Importer(2089858483,0ecaa5967403d082aa24f35e1b516d23) Generated GUIDs only implemented for interfaces!
 -> (artifact id: '6048ce651c6c9c1668b5f28840728efe') in 0.014911 seconds
Number of updated asset objects reloaded before import = 0
Number of asset objects unloaded after import = 1
========================================================================
Received Import Request.
  Time since last request: 0.000042 seconds.
  path: Assets/GameplayPack/Star/Star.fbx
  artifactKey: Guid(daf6b6ee921f6904c8a96386f813cc48) Importer(2089858483,0ecaa5967403d082aa24f35e1b516d23)
Start importing Assets/GameplayPack/Star/Star.fbx using Guid(daf6b6ee921f6904c8a96386f813cc48) Importer(2089858483,0ecaa5967403d082aa24f35e1b516d23) Generated GUIDs only implemented for interfaces!
 -> (artifact id: 'ff4717a237381bf1f822ded4434007e8') in 0.080492 seconds
Number of updated asset objects reloaded before import = 0
Number of asset objects unloaded after import = 7
========================================================================
Received Import Request.
  Time since last request: 0.000039 seconds.
  path: Assets/town/town assets/Convenience_Store.fbx
  artifactKey: Guid(d7a8d06208e91874d8ec467630c09b0b) Importer(2089858483,0ecaa5967403d082aa24f35e1b516d23)
Start importing Assets/town/town assets/Convenience_Store.fbx using Guid(d7a8d06208e91874d8ec467630c09b0b) Importer(2089858483,0ecaa5967403d082aa24f35e1b516d23) Generated GUIDs only implemented for interfaces!
 -> (artifact id: '6a8760a07e63141af975b33e9e876ada') in 0.073682 seconds
Number of updated asset objects reloaded before import = 0
Number of asset objects unloaded after import = 9
========================================================================
Received Import Request.
  Time since last request: 0.000035 seconds.
  path: Assets/town/town assets/Street.fbx
  artifactKey: Guid(8638f1c63e9a96343a69d8f02935370f) Importer(2089858483,0ecaa5967403d082aa24f35e1b516d23)
Start importing Assets/town/town assets/Street.fbx using Guid(8638f1c63e9a96343a69d8f02935370f) Importer(2089858483,0ecaa5967403d082aa24f35e1b516d23) Generated GUIDs only implemented for interfaces!
 -> (artifact id: 'c6ff0dd2f91a6d0a7225803777b9e349') in 0.077765 seconds
Number of updated asset objects reloaded before import = 0
Number of asset objects unloaded after import = 9
========================================================================
Received Import Request.
  Time since last request: 0.000053 seconds.
  path: Assets/town/town assets/Intersection.fbx
  artifactKey: Guid(c8e1fc7f1e4819f4b9cf56c9b4489f1c) Importer(2089858483,0ecaa5967403d082aa24f35e1b516d23)
Start importing Assets/town/town assets/Intersection.fbx using Guid(c8e1fc7f1e4819f4b9cf56c9b4489f1c) Importer(2089858483,0ecaa5967403d082aa24f35e1b516d23) Generated GUIDs only implemented for interfaces!
 -> (artifact id: '5864f270d27eb83cc92548567b16b7e9') in 0.064256 seconds
Number of updated asset objects reloaded before import = 0
Number of asset objects unloaded after import = 9
========================================================================
Received Import Request.
  Time since last request: 0.000078 seconds.
  path: Assets/prefab/collectible.prefab
  artifactKey: Guid(5cc650262f29bd444a544e7b27f2bd6c) Importer(2089858483,0ecaa5967403d082aa24f35e1b516d23)
Start importing Assets/prefab/collectible.prefab using Guid(5cc650262f29bd444a544e7b27f2bd6c) Importer(2089858483,0ecaa5967403d082aa24f35e1b516d23) Generated GUIDs only implemented for interfaces!
 -> (artifact id: 'dc9834106d021003b280405da3fe8c7f') in 0.083669 seconds
Number of updated asset objects reloaded before import = 0
Number of asset objects unloaded after import = 12
========================================================================
Received Import Request.
  Time since last request: 0.000053 seconds.
  path: Assets/town/town assets/T_Intersection.fbx
  artifactKey: Guid(4a250126601229a4d9a7569d589715c5) Importer(2089858483,0ecaa5967403d082aa24f35e1b516d23)
Start importing Assets/town/town assets/T_Intersection.fbx using Guid(4a250126601229a4d9a7569d589715c5) Importer(2089858483,0ecaa5967403d082aa24f35e1b516d23) Generated GUIDs only implemented for interfaces!
 -> (artifact id: 'b61722d10030171156d13f860060af96') in 0.074253 seconds
Number of updated asset objects reloaded before import = 0
Number of asset objects unloaded after import = 9
========================================================================
Received Import Request.
  Time since last request: 0.000031 seconds.
  path: Assets/town/town assets/Car.fbx
  artifactKey: Guid(e6bdd6feae25ada44a750e9bc1ce6ff9) Importer(2089858483,0ecaa5967403d082aa24f35e1b516d23)
Start importing Assets/town/town assets/Car.fbx using Guid(e6bdd6feae25ada44a750e9bc1ce6ff9) Importer(2089858483,0ecaa5967403d082aa24f35e1b516d23) Generated GUIDs only implemented for interfaces!
 -> (artifact id: 'c5f87d1eb9b52fed89a9da7b93db44d6') in 0.062859 seconds
Number of updated asset objects reloaded before import = 0
Number of asset objects unloaded after import = 9
========================================================================
Received Import Request.
  Time since last request: 0.000049 seconds.
  path: Assets/GameplayPack/Smoke/Smoke_3.fbx
  artifactKey: Guid(ac542f6a7cc231245b33efe4d18030e5) Importer(2089858483,0ecaa5967403d082aa24f35e1b516d23)
Start importing Assets/GameplayPack/Smoke/Smoke_3.fbx using Guid(ac542f6a7cc231245b33efe4d18030e5) Importer(2089858483,0ecaa5967403d082aa24f35e1b516d23) Generated GUIDs only implemented for interfaces!
 -> (artifact id: 'a93ca1ce84023ea7630a5f065bc3edd1') in 0.048530 seconds
Number of updated asset objects reloaded before import = 0
Number of asset objects unloaded after import = 7
========================================================================
Received Import Request.
  Time since last request: 0.000035 seconds.
  path: Assets/GameplayPack/Star/star.mat
  artifactKey: Guid(1b5a14436fe8e1b49b2fdef2e9eda923) Importer(2089858483,0ecaa5967403d082aa24f35e1b516d23)
Start importing Assets/GameplayPack/Star/star.mat using Guid(1b5a14436fe8e1b49b2fdef2e9eda923) Importer(2089858483,0ecaa5967403d082aa24f35e1b516d23) Generated GUIDs only implemented for interfaces!
 -> (artifact id: 'b4853a9c88c83ac6123a2a8551091e6a') in 0.009641 seconds
Number of updated asset objects reloaded before import = 0
Number of asset objects unloaded after import = 1
Editor requested this worker to shutdown with reason: Scaling down because of idle timeout
TcpMessagingSession - receive error
AssetImportWorkerClient::OnTransportError - code=2 error=End of file
AssetImportWorker is now disconnected from the server
Process exiting
Exiting without the bug reporter. Application will terminate with return code 0